<?xml version="1.0" encoding="UTF-8"?>
<!-- Generated by org.testng.reporters.JUnitReportReporter -->
<testsuite hostname="H772LTRV" failures="0" tests="1" name="com.scripted.selfHealingTests.CompleteTest_Self_Healing" time="7.571" errors="0" timestamp="26 Oct 2021 10:36:05 GMT" skipped="0">
  <testcase classname="com.scripted.selfHealingTests.CompleteTest_Self_Healing" name="TC005_TimeoutCheck" time="7.571"/>
</testsuite> <!-- com.scripted.selfHealingTests.CompleteTest_Self_Healing -->
