<?xml version="1.0" encoding="UTF-8"?>
<!-- Generated by org.testng.reporters.JUnitReportReporter -->
<testsuite skipped="0" hostname="B701LMAA" name="com.scripted.testscripts.AlertTest" tests="1" failures="0" timestamp="28 Apr 2020 18:42:19 GMT" time="10.509" errors="0">
  <testcase name="alertActions" time="10.509" classname="com.scripted.testscripts.AlertTest"/>
</testsuite> <!-- com.scripted.testscripts.AlertTest -->
