<?xml version="1.0" encoding="UTF-8"?>
<!-- Generated by org.testng.reporters.JUnitReportReporter -->
<testsuite skipped="0" hostname="B701LMAA" name="com.scripted.testscripts.CntrlTest" tests="1" failures="0" timestamp="02 May 2020 18:05:53 GMT" time="1.942" errors="0">
  <testcase name="alertActions" time="1.942" classname="com.scripted.testscripts.CntrlTest"/>
</testsuite> <!-- com.scripted.testscripts.CntrlTest -->
