<?xml version="1.0" encoding="UTF-8"?>
<!-- Generated by org.testng.reporters.JUnitReportReporter -->
<testsuite skipped="0" hostname="B701LMAA" name="com.scripted.runners.APITestNGRunner" tests="2" failures="0" timestamp="31 Mar 2020 10:47:46 GMT" time="0.755" errors="1">
  <testcase name="teardown" time="0.054" classname="com.scripted.runners.APITestNGRunner">
    <error type="java.lang.Error" message="Unable to load voice directory. java.lang.ClassNotFoundException: com.sun.speech.freetts.en.us.cmu_us_kal.KevinVoiceDirectory">
      <![CDATA[java.lang.Error: Unable to load voice directory. java.lang.ClassNotFoundException: com.sun.speech.freetts.en.us.cmu_us_kal.KevinVoiceDirectory
at com.sun.speech.freetts.VoiceManager.getVoiceDirectories(VoiceManager.java:198)
at com.sun.speech.freetts.VoiceManager.getVoices(VoiceManager.java:110)
at com.sun.speech.freetts.VoiceManager.getVoice(VoiceManager.java:502)
at com.scripted.Enablevoice.VoiceEnabledReport.createExtentAudio(VoiceEnabledReport.java:113)
at com.scripted.configurations.SkriptmateConfigurations.afterSuite(SkriptmateConfigurations.java:112)
at com.scripted.runners.APITestNGRunner.teardown(APITestNGRunner.java:27)
at sun.reflect.NativeMethodAccessorImpl.invoke0(Native Method)
at sun.reflect.NativeMethodAccessorImpl.invoke(NativeMethodAccessorImpl.java:62)
at sun.reflect.DelegatingMethodAccessorImpl.invoke(DelegatingMethodAccessorImpl.java:43)
at java.lang.reflect.Method.invoke(Method.java:498)
at org.testng.internal.MethodInvocationHelper.invokeMethod(MethodInvocationHelper.java:124)
at org.testng.internal.MethodInvocationHelper.invokeMethodConsideringTimeout(MethodInvocationHelper.java:59)
at org.testng.internal.Invoker.invokeConfigurationMethod(Invoker.java:458)
at org.testng.internal.Invoker.invokeConfigurations(Invoker.java:222)
at org.testng.internal.Invoker.invokeConfigurations(Invoker.java:142)
at org.testng.SuiteRunner.privateRun(SuiteRunner.java:425)
at org.testng.SuiteRunner.run(SuiteRunner.java:364)
at org.testng.SuiteRunnerWorker.runSuite(SuiteRunnerWorker.java:52)
at org.testng.SuiteRunnerWorker.run(SuiteRunnerWorker.java:84)
at org.testng.TestNG.runSuitesSequentially(TestNG.java:1208)
at org.testng.TestNG.runSuitesLocally(TestNG.java:1137)
at org.testng.TestNG.runSuites(TestNG.java:1049)
at org.testng.TestNG.run(TestNG.java:1017)
at org.testng.remote.AbstractRemoteTestNG.run(AbstractRemoteTestNG.java:114)
at org.testng.remote.RemoteTestNG.initAndRun(RemoteTestNG.java:251)
at org.testng.remote.RemoteTestNG.main(RemoteTestNG.java:77)
]]>
    </error>
  </testcase> <!-- teardown -->
  <testcase name="runScenario" time="0.701" classname="com.scripted.runners.APITestNGRunner"/>
</testsuite> <!-- com.scripted.runners.APITestNGRunner -->
