<?xml version="1.0" encoding="UTF-8"?>
<!-- Generated by org.testng.reporters.JUnitReportReporter -->
<testsuite skipped="0" hostname="B701LMAA" name="com.scripted.runners.SFDCLgtngRunner" tests="1" failures="0" timestamp="11 May 2020 12:06:04 GMT" time="237.574" errors="0">
  <testcase name="runScenario" time="237.574" classname="com.scripted.runners.SFDCLgtngRunner"/>
</testsuite> <!-- com.scripted.runners.SFDCLgtngRunner -->
