<?xml version="1.0" encoding="UTF-8"?>
<!-- Generated by org.testng.reporters.JUnitReportReporter -->
<testsuite skipped="0" hostname="F049LTRV" name="com.scripted.selfHealingTests.CompleteTest_SelfHealing" tests="1" failures="0" timestamp="05 Aug 2020 13:06:42 GMT" time="268.940" errors="0">
  <testcase name="TC001_AutomationpracticeValidation" time="268.940" classname="com.scripted.selfHealingTests.CompleteTest_SelfHealing"/>
</testsuite> <!-- com.scripted.selfHealingTests.CompleteTest_SelfHealing -->
