<project xmlns="http://maven.apache.org/POM/4.0.0"
	xmlns:xsi="http://www.w3.org/2001/XMLSchema-instance"
	xsi:schemaLocation="http://maven.apache.org/POM/4.0.0 http://maven.apache.org/xsd/maven-4.0.0.xsd">
	<modelVersion>4.0.0</modelVersion>
	<groupId>TAF</groupId>
	<artifactId>TAF-Scripting</artifactId>
	<version>0.0.1</version>
	<name>TAF-Scripting</name>
	<packaging>jar</packaging>
	<url>http://maven.apache.org</url>
	<properties>
		<aspectj.version>1.9.4</aspectj.version>
		<project.build.sourceEncoding>UTF-8</project.build.sourceEncoding>
		<SkriptmateVersion>0.0.3</SkriptmateVersion>
	</properties>
	<repositories>
		<repository>
			<snapshots>
				<enabled>false</enabled>
			</snapshots>
			<id>bintray-epam-reportportal</id>
			<name>bintray</name>
			<url>http://dl.bintray.com/epam/reportportal</url>
		</repository>
	</repositories>

	<build>
		<plugins>
			<plugin>
				<groupId>org.apache.maven.plugins</groupId>
				<artifactId>maven-surefire-plugin</artifactId>
				<version>2.22.2</version>
				<dependencies>
					<dependency>
						<groupId>org.apache.maven.surefire</groupId>
						<artifactId>surefire-junit47</artifactId>
						<version>2.22.2</version>
					</dependency>
				</dependencies>
				<configuration>
					<testSourceDirectory>${project.basedir}/src/main/java</testSourceDirectory>
					<!-- <parallel>methods</parallel> <useUnlimitedThreads>true</useUnlimitedThreads> 
						<threadCountMethods>2</threadCountMethods> <forkmode>perthread</forkmode> 
						<perCoreThreadCount>true</perCoreThreadCount> -->
					<parallel>methods</parallel>
					<threadCount>3</threadCount>
					<perCoreThreadCount>false</perCoreThreadCount>
					<!-- <useUnlimitedThreads>true</useUnlimitedThreads>
					<parallel>methods</parallel>
					<threadCount>1</threadCount>
					<forkCount>1</forkCount>
					<reuseForks>true</reuseForks>
					<perCoreThreadCount>true</perCoreThreadCount> -->
					<argLine>-Xmx1024m -XX:MaxPermSize=256m</argLine>
					<!-- <forkCount>3</forkCount> <reuseForks>true</reuseForks> <suiteXmlFiles> 
						<suiteXmlFile>testNG.xml</suiteXmlFile> </suiteXmlFiles> <execution></execution> -->
				</configuration>
				<!-- <dependencies> <dependency> <groupId>org.aspectj</groupId> <artifactId>aspectjweaver</artifactId> 
					<version>${aspectj.version}</version> </dependency> </dependencies> -->
			</plugin>


			<!-- <plugin> <groupId>org.apache.maven.plugins</groupId> <artifactId>maven-failsafe-plugin</artifactId> 
				<version>2.22.0</version> <executions> <execution> <goals> <goal>integration-test</goal> 
				<goal>verify</goal> </goals> <configuration> <parallel>methods</parallel> 
				<useUnlimitedThreads>true</useUnlimitedThreads> </configuration> </execution> 
				</executions> </plugin> -->
			<plugin>
				<groupId>org.apache.maven.plugins</groupId>
				<artifactId>maven-compiler-plugin</artifactId>
				<version>3.5.1</version>
				<configuration>
					<source>1.8</source>
					<target>1.8</target>
					<encoding>UTF-8</encoding>
					<executable>C:\Program Files\Java\jdk1.8.0_121\bin\javac.exe</executable>
				</configuration>
			</plugin>

			<plugin>
				<groupId>org.apache.maven.plugins</groupId>
				<artifactId>maven-install-plugin</artifactId>
				<version>2.5.1</version>
			</plugin>

			<!-- To Generate Cucumber Report into User Specified folder -->
			<plugin>
				<groupId>org.codehaus.mojo</groupId>
				<artifactId>build-helper-maven-plugin</artifactId>
				<version>3.0.0</version>
				<executions>
					<execution>
						<id>timestamp-property</id>
						<goals>
							<goal>timestamp-property</goal>
						</goals>
						<configuration>
							<name>current.time</name>
							<pattern>yyyy-MM-dd-HHmmss</pattern>
							<timeZone>GMT+5:30</timeZone>
						</configuration>
					</execution>
				</executions>
			</plugin>

			<!-- <plugin> <groupId>org.apache.maven.plugins</groupId> <artifactId>maven-surefire-plugin</artifactId> 
				<configuration> <testFailureIgnore>true</testFailureIgnore> </configuration> 
				</plugin> <plugin> <groupId>net.masterthought</groupId> <artifactId>maven-cucumber-reporting</artifactId> 
				<version>4.9.0</version> <executions> <execution> <id>execution</id> <phase>verify</phase> 
				<goals> <goal>generate</goal> </goals> <configuration> <projectName>Skriptmate</projectName> 
				<buildNumber>1</buildNumber> <outputDirectory>${project.basedir}/SkriptmateReport/Cucumber/BuildReport-${current.time}</outputDirectory> 
				<inputDirectory>${project.build.directory}</inputDirectory> <jsonFiles> <param>**/*.json</param> 
				</jsonFiles> </configuration> </execution> </executions> </plugin> -->

		</plugins>
	</build>
	<dependencies>
		<!-- https://mvnrepository.com/artifact/org.codehaus.mojo/exec-maven-plugin -->
		<dependency>
			<groupId>org.codehaus.mojo</groupId>
			<artifactId>exec-maven-plugin</artifactId>
			<version>1.1.1</version>
		</dependency>
		<dependency>
			<groupId>TAF</groupId>
			<artifactId>TAF-WebServices</artifactId>
			<version>${SkriptmateVersion}</version>
		</dependency>
		<dependency>
			<groupId>TAF</groupId>
			<artifactId>TAF-Pdf</artifactId>
			<version>${SkriptmateVersion}</version>
		</dependency>
		<dependency>
			<groupId>TAF</groupId>
			<artifactId>TAF-Ocr</artifactId>
			<version>${SkriptmateVersion}</version>
		</dependency>
		<dependency>
			<groupId>TAF</groupId>
			<artifactId>TAF-GenericUtility</artifactId>
			<version>${SkriptmateVersion}</version>
		</dependency>
		<dependency>
			<groupId>TAF</groupId>
			<artifactId>TAF-Web</artifactId>
			<version>${SkriptmateVersion}</version>
		</dependency>
		<dependency>
			<groupId>TAF</groupId>
			<artifactId>TAF-Mobile</artifactId>
			<version>${SkriptmateVersion}</version>
		</dependency>
		<dependency>
			<groupId>TAF</groupId>
			<artifactId>TAF-Reporting</artifactId>
			<version>${SkriptmateVersion}</version>
		</dependency>
		<dependency>
			<groupId>TAF</groupId>
			<artifactId>TAF-Desktop</artifactId>
			<version> ${SkriptmateVersion}</version>
		</dependency>
		<dependency>
			<groupId>TAF</groupId>
			<artifactId>TAF-Accessibility</artifactId>
			<version>${SkriptmateVersion}</version>
		</dependency>
		<dependency>
			<groupId>TAF</groupId>
			<artifactId>TAF-Integration</artifactId>
			<version>${SkriptmateVersion}</version>
		</dependency>
		<dependency>
			<groupId>TAF</groupId>
			<artifactId>TAF-Mainframe</artifactId>
			<version>${SkriptmateVersion}</version>
		</dependency>
		<dependency>
			<groupId>junit</groupId>
			<artifactId>junit</artifactId>
			<version>4.12</version>
		</dependency>
		<dependency>
			<groupId>log4j</groupId>
			<artifactId>log4j</artifactId>
			<version>1.2.17</version>
		</dependency>

		<!-- Dependencies for Selenium -->
		<!-- https://mvnrepository.com/artifact/org.seleniumhq.selenium/selenium-java -->
		<dependency>
			<groupId>org.seleniumhq.selenium</groupId>
			<artifactId>selenium-java</artifactId>
			<version>3.141.59</version>
		</dependency>

		<!-- https://mvnrepository.com/artifact/org.seleniumhq.selenium/selenium-support -->
		<dependency>
			<groupId>org.seleniumhq.selenium</groupId>
			<artifactId>selenium-support</artifactId>
			<version>3.141.59</version>
		</dependency>
		<!-- https://mvnrepository.com/artifact/com.codeborne/phantomjsdriver -->
		<dependency>
			<groupId>com.codeborne</groupId>
			<artifactId>phantomjsdriver</artifactId>
			<version>1.4.1</version>
		</dependency>

		<!-- Dependencies for TestNG -->
		<!-- https://mvnrepository.com/artifact/org.testng/testng -->
		<dependency>
			<groupId>org.testng</groupId>
			<artifactId>testng</artifactId>
			<version>6.14.3</version>
		</dependency>
		<!-- https://mvnrepository.com/artifact/io.appium/java-client -->
		<dependency>
			<groupId>io.appium</groupId>
			<artifactId>java-client</artifactId>
			<version>7.0.0</version>
		</dependency>
		<!-- https://mvnrepository.com/artifact/io.cucumber/cucumber-java -->
		<dependency>
			<groupId>io.cucumber</groupId>
			<artifactId>cucumber-java</artifactId>
			<version>4.7.1</version>
		</dependency>
		<!-- https://mvnrepository.com/artifact/io.cucumber/cucumber-core -->
		<dependency>
			<groupId>io.cucumber</groupId>
			<artifactId>cucumber-core</artifactId>
			<version>4.7.1</version>
		</dependency>
		<!-- https://mvnrepository.com/artifact/info.cukes/cucumber-testng -->
		<dependency>
			<groupId>io.cucumber</groupId>
			<artifactId>cucumber-testng</artifactId>
			<version>4.7.1</version>
			<scope>test</scope>
		</dependency>


		<!-- https://mvnrepository.com/artifact/io.cucumber/cucumber-junit -->
		<dependency>
			<groupId>io.cucumber</groupId>
			<artifactId>cucumber-junit</artifactId>
			<version>4.7.1</version>
		</dependency>

		<dependency>
			<groupId>org.apache.poi</groupId>
			<artifactId>poi-ooxml</artifactId>
			<version>3.17</version>
		</dependency>

		<!-- https://mvnrepository.com/artifact/org.apache.poi/poi -->
		<dependency>
			<groupId>org.apache.poi</groupId>
			<artifactId>poi</artifactId>
			<version>3.17</version>
		</dependency>

		<!-- https://mvnrepository.com/artifact/org.apache.poi/poi-ooxml-schemas -->
		<dependency>
			<groupId>org.apache.poi</groupId>
			<artifactId>poi-ooxml-schemas</artifactId>
			<version>4.0.1</version>
		</dependency>
		<dependency>
			<groupId>io.qameta.allure</groupId>
			<artifactId>allure-cucumber4-jvm</artifactId>
			<version>2.12.1</version>
		</dependency>

		<!-- Report portal -->
		<dependency>
			<groupId>com.epam.reportportal</groupId>
			<artifactId>agent-java-cucumber4</artifactId>
			<version>4.0.0</version>
		</dependency>
		<dependency>
			<groupId>com.epam.reportportal</groupId>
			<artifactId>client-java</artifactId>
			<version>4.0.0</version>
		</dependency>
		<dependency>
			<groupId>com.epam.reportportal</groupId>
			<artifactId>commons-model</artifactId>
			<version>4.0.0</version>
		</dependency>

		<!-- https://mvnrepository.com/artifact/com.aventstack/extentreports-cucumber4-adapter -->
		<dependency>
			<groupId>com.aventstack</groupId>
			<artifactId>extentreports-cucumber4-adapter</artifactId>
			<version>1.0.7</version>
		</dependency>

		<!-- https://mvnrepository.com/artifact/com.google.guava/guava -->
		<dependency>
			<groupId>com.google.guava</groupId>
			<artifactId>guava</artifactId>
			<version>25.0-jre</version>
		</dependency>

	</dependencies>
</project>